<?xml version="1.0" encoding="UTF-8"?>
<!-- Generated by org.testng.reporters.JUnitXMLReporter -->
<testsuite ignored="0" hostname="DESKTOP-52TLFJG" failures="0" tests="3" name="Surefire test" time="0.072" errors="0" timestamp="2024-05-22T10:36:18 IST">
  <testcase classname="com.project.testSuites.TestCases" name="@BeforeTest invokeBrowser" time="-1.716354378794E9">
    <failure type="org.testng.TestNGException" message="
Parameter &amp;apos;browserName&amp;apos; is required by BeforeTest on method invokeBrowser but has not been marked @Optional or defined
">
      <![CDATA[org.testng.TestNGException: 
Parameter 'browserName' is required by BeforeTest on method invokeBrowser but has not been marked @Optional or defined

... Removed 26 stack frames]]>
    </failure>
  </testcase> <!-- @BeforeTest invokeBrowser -->
  <testcase classname="com.project.testSuites.TestCases" name="@AfterTest closeBrowser" time="0.0">
    <skipped/>
  </testcase> <!-- @AfterTest closeBrowser -->
  <testcase classname="com.project.testSuites.TestCases" name="hospitalNames" time="0.0">
    <skipped/>
  </testcase> <!-- hospitalNames -->
  <testcase classname="com.project.testSuites.TestCases" name="TopCities" time="0.0">
    <skipped/>
  </testcase> <!-- TopCities -->
  <testcase classname="com.project.testSuites.TestCases" name="corporateWellness" time="0.001">
    <skipped/>
  </testcase> <!-- corporateWellness -->
</testsuite> <!-- Surefire test -->
